<?xml version="1.0" encoding="UTF-8"?>
<testsuite xmlns:xsi="http://www.w3.org/2001/XMLSchema-instance" xsi:noNamespaceSchemaLocation="https://maven.apache.org/surefire/maven-surefire-plugin/xsd/surefire-test-report.xsd" name="com.mcnz.rps.ScoreTest" time="0.127" tests="3" errors="0" skipped="0" failures="0">
  <properties>
[...]
</properties>
  <testcase name="testIncreaseTies" classname="com.mcnz.rps.ScoreTest" time="0.008"/>
  <testcase name="testIncreaseLosses" classname="com.mcnz.rps.ScoreTest" time="0.001"/>
  <testcase name="testToString" classname="com.mcnz.rps.ScoreTest" time="0.003"/>
</testsuite>